2021-07-12 18:07:429 INFO  LoginTest:42 - User click sign in button 
2021-07-12 18:07:464 INFO  LoginTest:42 - User find Sign in image 
2021-07-12 18:07:776 INFO  TestBase:243 - driver closed
2021-07-12 18:07:975 INFO  RegistrationTest:42 - tom Enter successfully
2021-07-12 18:07:52 INFO  RegistrationTest:42 - Tom@gmail.com Enter successfully
2021-07-12 18:07:112 INFO  RegistrationTest:42 - 123456 Enter successfully
2021-07-12 18:07:172 INFO  RegistrationTest:42 - 123456 Enter successfully
2021-07-12 18:07:839 INFO  RegistrationTest:42 - User successfully create account
2021-07-12 18:07:986 INFO  TestBase:243 - driver closed
2021-07-12 18:07:660 INFO  RegistrationTest:42 - Jerry Enter successfully
2021-07-12 18:07:727 INFO  RegistrationTest:42 - Jerry@gmail.com Enter successfully
2021-07-12 18:07:779 INFO  RegistrationTest:42 - 123456 Enter successfully
2021-07-12 18:07:826 INFO  RegistrationTest:42 - 123456 Enter successfully
2021-07-12 18:07:407 INFO  RegistrationTest:42 - User successfully create account
2021-07-12 18:07:553 INFO  TestBase:243 - driver closed
2021-07-12 18:07:167 INFO  SearchTest:42 - Laptop type on search bar
2021-07-12 18:07:616 INFO  SearchTest:42 - Clicked on search bar
2021-07-12 18:07:625 INFO  SearchTest:42 - User get Laptop in search page
2021-07-12 18:07:795 INFO  TestBase:243 - driver closed
2021-07-12 18:07:620 INFO  TestBase:243 - driver closed
2021-07-12 18:07:315 INFO  TestBase:243 - driver closed
2021-07-12 18:07:401 INFO  NavigateBackTest:42 - User got as expected title
2021-07-12 18:07:485 INFO  TestBase:243 - driver closed
2021-07-12 18:07:263 INFO  TestBase:243 - driver closed
2021-07-12 18:07:913 INFO  MenuOption:42 - All option selected Successfully
2021-07-12 18:07:52 INFO  TestBase:243 - driver closed
